<?xml version="1.0" encoding="UTF-8"?>
<testng-results ignored="0" total="3" passed="3" failed="0" skipped="0">
  <reporter-output>
    <line>
      <![CDATA[The URL for home page is https://enroll.grafik-stage.io/home]]>
    </line>
    <line>
      <![CDATA[ ]]>
    </line>
    <line>
      <![CDATA[Click on Student Name ]]>
    </line>
    <line>
      <![CDATA[ ]]>
    </line>
    <line>
      <![CDATA[Click on start Enrollment ]]>
    </line>
    <line>
      <![CDATA[ ]]>
    </line>
    <line>
      <![CDATA[The Student Preffered Name is entered]]>
    </line>
    <line>
      <![CDATA[ ]]>
    </line>
    <line>
      <![CDATA[The Last Name is entered]]>
    </line>
    <line>
      <![CDATA[ ]]>
    </line>
    <line>
      <![CDATA[The Middle Initial Name is entered]]>
    </line>
    <line>
      <![CDATA[ ]]>
    </line>
    <line>
      <![CDATA[The Date of year is selected]]>
    </line>
    <line>
      <![CDATA[ ]]>
    </line>
    <line>
      <![CDATA[The Date of month is selected]]>
    </line>
    <line>
      <![CDATA[ ]]>
    </line>
    <line>
      <![CDATA[The Date is selected]]>
    </line>
    <line>
      <![CDATA[ ]]>
    </line>
    <line>
      <![CDATA[The gender is selected]]>
    </line>
    <line>
      <![CDATA[ ]]>
    </line>
    <line>
      <![CDATA[The checkbox is already selected]]>
    </line>
    <line>
      <![CDATA[ ]]>
    </line>
    <line>
      <![CDATA[Student Name is entered Oliver]]>
    </line>
    <line>
      <![CDATA[ ]]>
    </line>
    <line>
      <![CDATA[The Student added successfully]]>
    </line>
    <line>
      <![CDATA[ ]]>
    </line>
    <line>
      <![CDATA[Student Name is entered Joseph]]>
    </line>
    <line>
      <![CDATA[ ]]>
    </line>
    <line>
      <![CDATA[The student is removed]]>
    </line>
    <line>
      <![CDATA[]]>
    </line>
    <line>
      <![CDATA[max limit is set to 50 for Name]]>
    </line>
    <line>
      <![CDATA[ ]]>
    </line>
    <line>
      <![CDATA[max limit is set to 15 for Case_Number]]>
    </line>
    <line>
      <![CDATA[ ]]>
    </line>
    <line>
      <![CDATA[ Click on Next Button ]]>
    </line>
    <line>
      <![CDATA[ ]]>
    </line>
    <line>
      <![CDATA[Entered student language]]>
    </line>
    <line>
      <![CDATA[ ]]>
    </line>
    <line>
      <![CDATA[Click On Next Button]]>
    </line>
    <line>
      <![CDATA[ ]]>
    </line>
    <line>
      <![CDATA[max limit is set to 90 for Internet_Speed]]>
    </line>
    <line>
      <![CDATA[ ]]>
    </line>
    <line>
      <![CDATA[The reason is entered]]>
    </line>
    <line>
      <![CDATA[ ]]>
    </line>
    <line>
      <![CDATA[The Adults Name is entered]]>
    </line>
    <line>
      <![CDATA[ ]]>
    </line>
    <line>
      <![CDATA[The Adults Name is entered]]>
    </line>
    <line>
      <![CDATA[ ]]>
    </line>
    <line>
      <![CDATA[The Changes are entered]]>
    </line>
    <line>
      <![CDATA[ ]]>
    </line>
    <line>
      <![CDATA[The Preffered Name is entered]]>
    </line>
    <line>
      <![CDATA[ ]]>
    </line>
    <line>
      <![CDATA[The Pronunciation is entered]]>
    </line>
    <line>
      <![CDATA[ ]]>
    </line>
    <line>
      <![CDATA[The Pronouns is entered]]>
    </line>
    <line>
      <![CDATA[ ]]>
    </line>
    <line>
      <![CDATA[Signature is drawn successfully ]]>
    </line>
    <line>
      <![CDATA[                                                                                 ]]>
    </line>
    <line>
      <![CDATA[The Student Added successfully ]]>
    </line>
    <line>
      <![CDATA[ ]]>
    </line>
    <line>
      <![CDATA[The User is successfully logout]]>
    </line>
    <line>
      <![CDATA[ ]]>
    </line>
    <line>
      <![CDATA[The URL for home page is https://enroll.grafik-stage.io/home]]>
    </line>
    <line>
      <![CDATA[ ]]>
    </line>
    <line>
      <![CDATA[Click on Student Name ]]>
    </line>
    <line>
      <![CDATA[ ]]>
    </line>
    <line>
      <![CDATA[Click on start Enrollment ]]>
    </line>
    <line>
      <![CDATA[ ]]>
    </line>
    <line>
      <![CDATA[The Student Preffered Name is entered]]>
    </line>
    <line>
      <![CDATA[ ]]>
    </line>
    <line>
      <![CDATA[The Last Name is entered]]>
    </line>
    <line>
      <![CDATA[ ]]>
    </line>
    <line>
      <![CDATA[The Middle Initial Name is entered]]>
    </line>
    <line>
      <![CDATA[ ]]>
    </line>
    <line>
      <![CDATA[The Date of year is selected]]>
    </line>
    <line>
      <![CDATA[ ]]>
    </line>
    <line>
      <![CDATA[The Date of month is selected]]>
    </line>
    <line>
      <![CDATA[ ]]>
    </line>
    <line>
      <![CDATA[The Date is selected]]>
    </line>
    <line>
      <![CDATA[ ]]>
    </line>
    <line>
      <![CDATA[The gender is selected]]>
    </line>
    <line>
      <![CDATA[ ]]>
    </line>
    <line>
      <![CDATA[The checkbox is already selected]]>
    </line>
    <line>
      <![CDATA[ ]]>
    </line>
    <line>
      <![CDATA[Student Name is entered Oliver]]>
    </line>
    <line>
      <![CDATA[ ]]>
    </line>
    <line>
      <![CDATA[The Student added successfully]]>
    </line>
    <line>
      <![CDATA[ ]]>
    </line>
    <line>
      <![CDATA[Student Name is entered Joseph]]>
    </line>
    <line>
      <![CDATA[ ]]>
    </line>
    <line>
      <![CDATA[The student is removed]]>
    </line>
    <line>
      <![CDATA[]]>
    </line>
    <line>
      <![CDATA[max limit is set to 50 for Name]]>
    </line>
    <line>
      <![CDATA[ ]]>
    </line>
    <line>
      <![CDATA[max limit is set to 15 for Case_Number]]>
    </line>
    <line>
      <![CDATA[ ]]>
    </line>
    <line>
      <![CDATA[ Click on Next Button ]]>
    </line>
    <line>
      <![CDATA[ ]]>
    </line>
    <line>
      <![CDATA[Entered student language]]>
    </line>
    <line>
      <![CDATA[ ]]>
    </line>
    <line>
      <![CDATA[Click On Next Button]]>
    </line>
    <line>
      <![CDATA[ ]]>
    </line>
    <line>
      <![CDATA[max limit is set to 90 for Internet_Speed]]>
    </line>
    <line>
      <![CDATA[ ]]>
    </line>
    <line>
      <![CDATA[The reason is entered]]>
    </line>
    <line>
      <![CDATA[ ]]>
    </line>
    <line>
      <![CDATA[The Adults Name is entered]]>
    </line>
    <line>
      <![CDATA[ ]]>
    </line>
    <line>
      <![CDATA[The Adults Name is entered]]>
    </line>
    <line>
      <![CDATA[ ]]>
    </line>
    <line>
      <![CDATA[The Changes are entered]]>
    </line>
    <line>
      <![CDATA[ ]]>
    </line>
    <line>
      <![CDATA[The Preffered Name is entered]]>
    </line>
    <line>
      <![CDATA[ ]]>
    </line>
    <line>
      <![CDATA[The Pronunciation is entered]]>
    </line>
    <line>
      <![CDATA[ ]]>
    </line>
    <line>
      <![CDATA[The Pronouns is entered]]>
    </line>
    <line>
      <![CDATA[ ]]>
    </line>
    <line>
      <![CDATA[Signature is drawn successfully ]]>
    </line>
    <line>
      <![CDATA[                                                                                 ]]>
    </line>
    <line>
      <![CDATA[The Student Added successfully ]]>
    </line>
    <line>
      <![CDATA[ ]]>
    </line>
    <line>
      <![CDATA[The User is successfully logout]]>
    </line>
    <line>
      <![CDATA[ ]]>
    </line>
    <line>
      <![CDATA[The URL for home page is https://enroll.grafik-stage.io/home]]>
    </line>
    <line>
      <![CDATA[ ]]>
    </line>
    <line>
      <![CDATA[Click on Student Name ]]>
    </line>
    <line>
      <![CDATA[ ]]>
    </line>
    <line>
      <![CDATA[Click on start Enrollment ]]>
    </line>
    <line>
      <![CDATA[ ]]>
    </line>
    <line>
      <![CDATA[The Student Preffered Name is entered]]>
    </line>
    <line>
      <![CDATA[ ]]>
    </line>
    <line>
      <![CDATA[The Last Name is entered]]>
    </line>
    <line>
      <![CDATA[ ]]>
    </line>
    <line>
      <![CDATA[The Middle Initial Name is entered]]>
    </line>
    <line>
      <![CDATA[ ]]>
    </line>
    <line>
      <![CDATA[The Date of year is selected]]>
    </line>
    <line>
      <![CDATA[ ]]>
    </line>
    <line>
      <![CDATA[The Date of month is selected]]>
    </line>
    <line>
      <![CDATA[ ]]>
    </line>
    <line>
      <![CDATA[The Date is selected]]>
    </line>
    <line>
      <![CDATA[ ]]>
    </line>
    <line>
      <![CDATA[The gender is selected]]>
    </line>
    <line>
      <![CDATA[ ]]>
    </line>
    <line>
      <![CDATA[The checkbox is already selected]]>
    </line>
    <line>
      <![CDATA[ ]]>
    </line>
    <line>
      <![CDATA[Student Name is entered Oliver]]>
    </line>
    <line>
      <![CDATA[ ]]>
    </line>
    <line>
      <![CDATA[The Student added successfully]]>
    </line>
    <line>
      <![CDATA[ ]]>
    </line>
    <line>
      <![CDATA[Student Name is entered Joseph]]>
    </line>
    <line>
      <![CDATA[ ]]>
    </line>
    <line>
      <![CDATA[The student is removed]]>
    </line>
    <line>
      <![CDATA[]]>
    </line>
    <line>
      <![CDATA[max limit is set to 50 for Name]]>
    </line>
    <line>
      <![CDATA[ ]]>
    </line>
    <line>
      <![CDATA[max limit is set to 15 for Case_Number]]>
    </line>
    <line>
      <![CDATA[ ]]>
    </line>
    <line>
      <![CDATA[ Click on Next Button ]]>
    </line>
    <line>
      <![CDATA[ ]]>
    </line>
    <line>
      <![CDATA[Entered student language]]>
    </line>
    <line>
      <![CDATA[ ]]>
    </line>
    <line>
      <![CDATA[Click On Next Button]]>
    </line>
    <line>
      <![CDATA[ ]]>
    </line>
    <line>
      <![CDATA[max limit is set to 90 for Internet_Speed]]>
    </line>
    <line>
      <![CDATA[ ]]>
    </line>
    <line>
      <![CDATA[The reason is entered]]>
    </line>
    <line>
      <![CDATA[ ]]>
    </line>
    <line>
      <![CDATA[The Adults Name is entered]]>
    </line>
    <line>
      <![CDATA[ ]]>
    </line>
    <line>
      <![CDATA[The Adults Name is entered]]>
    </line>
    <line>
      <![CDATA[ ]]>
    </line>
    <line>
      <![CDATA[The Changes are entered]]>
    </line>
    <line>
      <![CDATA[ ]]>
    </line>
    <line>
      <![CDATA[The Preffered Name is entered]]>
    </line>
    <line>
      <![CDATA[ ]]>
    </line>
    <line>
      <![CDATA[The Pronunciation is entered]]>
    </line>
    <line>
      <![CDATA[ ]]>
    </line>
    <line>
      <![CDATA[The Pronouns is entered]]>
    </line>
    <line>
      <![CDATA[ ]]>
    </line>
    <line>
      <![CDATA[Signature is drawn successfully ]]>
    </line>
    <line>
      <![CDATA[                                                                                 ]]>
    </line>
    <line>
      <![CDATA[The Student Added successfully ]]>
    </line>
    <line>
      <![CDATA[ ]]>
    </line>
    <line>
      <![CDATA[The User is successfully logout]]>
    </line>
    <line>
      <![CDATA[ ]]>
    </line>
  </reporter-output>
  <suite started-at="2022-09-30T19:31:11 IST" name="Suite" finished-at="2022-09-30T19:37:15 IST" duration-ms="363683">
    <groups>
    </groups>
    <test started-at="2022-09-30T19:31:11 IST" name="Test" finished-at="2022-09-30T19:33:11 IST" duration-ms="120115">
      <class name="Add_Student_Form_7_Test.Add_Student_Form_7_Test">
        <test-method is-config="true" signature="OpenBrowser(java.lang.String)[pri:0, instance:Add_Student_Form_7_Test.Add_Student_Form_7_Test@741a8937]" started-at="2022-09-30T19:31:11 IST" name="OpenBrowser" finished-at="2022-09-30T19:31:19 IST" duration-ms="7620" status="PASS">
          <params>
            <param index="0">
              <value>
                <![CDATA[chrome]]>
              </value>
            </param>
          </params>
          <reporter-output>
          </reporter-output>
        </test-method> <!-- OpenBrowser -->
        <test-method signature="Add_Student_After_Form_Page_7()[pri:0, instance:Add_Student_Form_7_Test.Add_Student_Form_7_Test@741a8937]" started-at="2022-09-30T19:31:19 IST" name="Add_Student_After_Form_Page_7" finished-at="2022-09-30T19:33:09 IST" duration-ms="110222" status="PASS">
          <reporter-output>
            <line>
              <![CDATA[The URL for home page is https://enroll.grafik-stage.io/home]]>
            </line>
            <line>
              <![CDATA[ ]]>
            </line>
            <line>
              <![CDATA[Click on Student Name ]]>
            </line>
            <line>
              <![CDATA[ ]]>
            </line>
            <line>
              <![CDATA[Click on start Enrollment ]]>
            </line>
            <line>
              <![CDATA[ ]]>
            </line>
            <line>
              <![CDATA[The Student Preffered Name is entered]]>
            </line>
            <line>
              <![CDATA[ ]]>
            </line>
            <line>
              <![CDATA[The Last Name is entered]]>
            </line>
            <line>
              <![CDATA[ ]]>
            </line>
            <line>
              <![CDATA[The Middle Initial Name is entered]]>
            </line>
            <line>
              <![CDATA[ ]]>
            </line>
            <line>
              <![CDATA[The Date of year is selected]]>
            </line>
            <line>
              <![CDATA[ ]]>
            </line>
            <line>
              <![CDATA[The Date of month is selected]]>
            </line>
            <line>
              <![CDATA[ ]]>
            </line>
            <line>
              <![CDATA[The Date is selected]]>
            </line>
            <line>
              <![CDATA[ ]]>
            </line>
            <line>
              <![CDATA[The gender is selected]]>
            </line>
            <line>
              <![CDATA[ ]]>
            </line>
            <line>
              <![CDATA[The checkbox is already selected]]>
            </line>
            <line>
              <![CDATA[ ]]>
            </line>
            <line>
              <![CDATA[Student Name is entered Oliver]]>
            </line>
            <line>
              <![CDATA[ ]]>
            </line>
            <line>
              <![CDATA[The Student added successfully]]>
            </line>
            <line>
              <![CDATA[ ]]>
            </line>
            <line>
              <![CDATA[Student Name is entered Joseph]]>
            </line>
            <line>
              <![CDATA[ ]]>
            </line>
            <line>
              <![CDATA[The student is removed]]>
            </line>
            <line>
              <![CDATA[]]>
            </line>
            <line>
              <![CDATA[max limit is set to 50 for Name]]>
            </line>
            <line>
              <![CDATA[ ]]>
            </line>
            <line>
              <![CDATA[max limit is set to 15 for Case_Number]]>
            </line>
            <line>
              <![CDATA[ ]]>
            </line>
            <line>
              <![CDATA[ Click on Next Button ]]>
            </line>
            <line>
              <![CDATA[ ]]>
            </line>
            <line>
              <![CDATA[Entered student language]]>
            </line>
            <line>
              <![CDATA[ ]]>
            </line>
            <line>
              <![CDATA[Click On Next Button]]>
            </line>
            <line>
              <![CDATA[ ]]>
            </line>
            <line>
              <![CDATA[max limit is set to 90 for Internet_Speed]]>
            </line>
            <line>
              <![CDATA[ ]]>
            </line>
            <line>
              <![CDATA[The reason is entered]]>
            </line>
            <line>
              <![CDATA[ ]]>
            </line>
            <line>
              <![CDATA[The Adults Name is entered]]>
            </line>
            <line>
              <![CDATA[ ]]>
            </line>
            <line>
              <![CDATA[The Adults Name is entered]]>
            </line>
            <line>
              <![CDATA[ ]]>
            </line>
            <line>
              <![CDATA[The Changes are entered]]>
            </line>
            <line>
              <![CDATA[ ]]>
            </line>
            <line>
              <![CDATA[The Preffered Name is entered]]>
            </line>
            <line>
              <![CDATA[ ]]>
            </line>
            <line>
              <![CDATA[The Pronunciation is entered]]>
            </line>
            <line>
              <![CDATA[ ]]>
            </line>
            <line>
              <![CDATA[The Pronouns is entered]]>
            </line>
            <line>
              <![CDATA[ ]]>
            </line>
            <line>
              <![CDATA[Signature is drawn successfully ]]>
            </line>
            <line>
              <![CDATA[                                                                                 ]]>
            </line>
            <line>
              <![CDATA[The Student Added successfully ]]>
            </line>
            <line>
              <![CDATA[ ]]>
            </line>
            <line>
              <![CDATA[The User is successfully logout]]>
            </line>
            <line>
              <![CDATA[ ]]>
            </line>
          </reporter-output>
        </test-method> <!-- Add_Student_After_Form_Page_7 -->
        <test-method is-config="true" signature="closeBrowser()[pri:0, instance:Add_Student_Form_7_Test.Add_Student_Form_7_Test@741a8937]" started-at="2022-09-30T19:33:09 IST" name="closeBrowser" finished-at="2022-09-30T19:33:11 IST" duration-ms="2245" status="PASS">
          <reporter-output>
          </reporter-output>
        </test-method> <!-- closeBrowser -->
      </class> <!-- Add_Student_Form_7_Test.Add_Student_Form_7_Test -->
    </test> <!-- Test -->
    <test started-at="2022-09-30T19:33:11 IST" name="Test1" finished-at="2022-09-30T19:35:10 IST" duration-ms="118462">
      <class name="Add_Student_Form_7_Test.Add_Student_Form_7_Test">
        <test-method is-config="true" signature="OpenBrowser(java.lang.String)[pri:0, instance:Add_Student_Form_7_Test.Add_Student_Form_7_Test@12aba8be]" started-at="2022-09-30T19:33:11 IST" name="OpenBrowser" finished-at="2022-09-30T19:33:20 IST" duration-ms="8883" status="PASS">
          <params>
            <param index="0">
              <value>
                <![CDATA[firefox]]>
              </value>
            </param>
          </params>
          <reporter-output>
          </reporter-output>
        </test-method> <!-- OpenBrowser -->
        <test-method signature="Add_Student_After_Form_Page_7()[pri:0, instance:Add_Student_Form_7_Test.Add_Student_Form_7_Test@12aba8be]" started-at="2022-09-30T19:33:20 IST" name="Add_Student_After_Form_Page_7" finished-at="2022-09-30T19:35:07 IST" duration-ms="106722" status="PASS">
          <reporter-output>
            <line>
              <![CDATA[The URL for home page is https://enroll.grafik-stage.io/home]]>
            </line>
            <line>
              <![CDATA[ ]]>
            </line>
            <line>
              <![CDATA[Click on Student Name ]]>
            </line>
            <line>
              <![CDATA[ ]]>
            </line>
            <line>
              <![CDATA[Click on start Enrollment ]]>
            </line>
            <line>
              <![CDATA[ ]]>
            </line>
            <line>
              <![CDATA[The Student Preffered Name is entered]]>
            </line>
            <line>
              <![CDATA[ ]]>
            </line>
            <line>
              <![CDATA[The Last Name is entered]]>
            </line>
            <line>
              <![CDATA[ ]]>
            </line>
            <line>
              <![CDATA[The Middle Initial Name is entered]]>
            </line>
            <line>
              <![CDATA[ ]]>
            </line>
            <line>
              <![CDATA[The Date of year is selected]]>
            </line>
            <line>
              <![CDATA[ ]]>
            </line>
            <line>
              <![CDATA[The Date of month is selected]]>
            </line>
            <line>
              <![CDATA[ ]]>
            </line>
            <line>
              <![CDATA[The Date is selected]]>
            </line>
            <line>
              <![CDATA[ ]]>
            </line>
            <line>
              <![CDATA[The gender is selected]]>
            </line>
            <line>
              <![CDATA[ ]]>
            </line>
            <line>
              <![CDATA[The checkbox is already selected]]>
            </line>
            <line>
              <![CDATA[ ]]>
            </line>
            <line>
              <![CDATA[Student Name is entered Oliver]]>
            </line>
            <line>
              <![CDATA[ ]]>
            </line>
            <line>
              <![CDATA[The Student added successfully]]>
            </line>
            <line>
              <![CDATA[ ]]>
            </line>
            <line>
              <![CDATA[Student Name is entered Joseph]]>
            </line>
            <line>
              <![CDATA[ ]]>
            </line>
            <line>
              <![CDATA[The student is removed]]>
            </line>
            <line>
              <![CDATA[]]>
            </line>
            <line>
              <![CDATA[max limit is set to 50 for Name]]>
            </line>
            <line>
              <![CDATA[ ]]>
            </line>
            <line>
              <![CDATA[max limit is set to 15 for Case_Number]]>
            </line>
            <line>
              <![CDATA[ ]]>
            </line>
            <line>
              <![CDATA[ Click on Next Button ]]>
            </line>
            <line>
              <![CDATA[ ]]>
            </line>
            <line>
              <![CDATA[Entered student language]]>
            </line>
            <line>
              <![CDATA[ ]]>
            </line>
            <line>
              <![CDATA[Click On Next Button]]>
            </line>
            <line>
              <![CDATA[ ]]>
            </line>
            <line>
              <![CDATA[max limit is set to 90 for Internet_Speed]]>
            </line>
            <line>
              <![CDATA[ ]]>
            </line>
            <line>
              <![CDATA[The reason is entered]]>
            </line>
            <line>
              <![CDATA[ ]]>
            </line>
            <line>
              <![CDATA[The Adults Name is entered]]>
            </line>
            <line>
              <![CDATA[ ]]>
            </line>
            <line>
              <![CDATA[The Adults Name is entered]]>
            </line>
            <line>
              <![CDATA[ ]]>
            </line>
            <line>
              <![CDATA[The Changes are entered]]>
            </line>
            <line>
              <![CDATA[ ]]>
            </line>
            <line>
              <![CDATA[The Preffered Name is entered]]>
            </line>
            <line>
              <![CDATA[ ]]>
            </line>
            <line>
              <![CDATA[The Pronunciation is entered]]>
            </line>
            <line>
              <![CDATA[ ]]>
            </line>
            <line>
              <![CDATA[The Pronouns is entered]]>
            </line>
            <line>
              <![CDATA[ ]]>
            </line>
            <line>
              <![CDATA[Signature is drawn successfully ]]>
            </line>
            <line>
              <![CDATA[                                                                                 ]]>
            </line>
            <line>
              <![CDATA[The Student Added successfully ]]>
            </line>
            <line>
              <![CDATA[ ]]>
            </line>
            <line>
              <![CDATA[The User is successfully logout]]>
            </line>
            <line>
              <![CDATA[ ]]>
            </line>
          </reporter-output>
        </test-method> <!-- Add_Student_After_Form_Page_7 -->
        <test-method is-config="true" signature="closeBrowser()[pri:0, instance:Add_Student_Form_7_Test.Add_Student_Form_7_Test@12aba8be]" started-at="2022-09-30T19:35:07 IST" name="closeBrowser" finished-at="2022-09-30T19:35:10 IST" duration-ms="2854" status="PASS">
          <reporter-output>
          </reporter-output>
        </test-method> <!-- closeBrowser -->
      </class> <!-- Add_Student_Form_7_Test.Add_Student_Form_7_Test -->
    </test> <!-- Test1 -->
    <test started-at="2022-09-30T19:35:10 IST" name="Test2" finished-at="2022-09-30T19:37:15 IST" duration-ms="125096">
      <class name="Add_Student_Form_7_Test.Add_Student_Form_7_Test">
        <test-method is-config="true" signature="OpenBrowser(java.lang.String)[pri:0, instance:Add_Student_Form_7_Test.Add_Student_Form_7_Test@49049a04]" started-at="2022-09-30T19:35:10 IST" name="OpenBrowser" finished-at="2022-09-30T19:35:22 IST" duration-ms="12318" status="PASS">
          <params>
            <param index="0">
              <value>
                <![CDATA[edge]]>
              </value>
            </param>
          </params>
          <reporter-output>
          </reporter-output>
        </test-method> <!-- OpenBrowser -->
        <test-method signature="Add_Student_After_Form_Page_7()[pri:0, instance:Add_Student_Form_7_Test.Add_Student_Form_7_Test@49049a04]" started-at="2022-09-30T19:35:22 IST" name="Add_Student_After_Form_Page_7" finished-at="2022-09-30T19:37:13 IST" duration-ms="110578" status="PASS">
          <reporter-output>
            <line>
              <![CDATA[The URL for home page is https://enroll.grafik-stage.io/home]]>
            </line>
            <line>
              <![CDATA[ ]]>
            </line>
            <line>
              <![CDATA[Click on Student Name ]]>
            </line>
            <line>
              <![CDATA[ ]]>
            </line>
            <line>
              <![CDATA[Click on start Enrollment ]]>
            </line>
            <line>
              <![CDATA[ ]]>
            </line>
            <line>
              <![CDATA[The Student Preffered Name is entered]]>
            </line>
            <line>
              <![CDATA[ ]]>
            </line>
            <line>
              <![CDATA[The Last Name is entered]]>
            </line>
            <line>
              <![CDATA[ ]]>
            </line>
            <line>
              <![CDATA[The Middle Initial Name is entered]]>
            </line>
            <line>
              <![CDATA[ ]]>
            </line>
            <line>
              <![CDATA[The Date of year is selected]]>
            </line>
            <line>
              <![CDATA[ ]]>
            </line>
            <line>
              <![CDATA[The Date of month is selected]]>
            </line>
            <line>
              <![CDATA[ ]]>
            </line>
            <line>
              <![CDATA[The Date is selected]]>
            </line>
            <line>
              <![CDATA[ ]]>
            </line>
            <line>
              <![CDATA[The gender is selected]]>
            </line>
            <line>
              <![CDATA[ ]]>
            </line>
            <line>
              <![CDATA[The checkbox is already selected]]>
            </line>
            <line>
              <![CDATA[ ]]>
            </line>
            <line>
              <![CDATA[Student Name is entered Oliver]]>
            </line>
            <line>
              <![CDATA[ ]]>
            </line>
            <line>
              <![CDATA[The Student added successfully]]>
            </line>
            <line>
              <![CDATA[ ]]>
            </line>
            <line>
              <![CDATA[Student Name is entered Joseph]]>
            </line>
            <line>
              <![CDATA[ ]]>
            </line>
            <line>
              <![CDATA[The student is removed]]>
            </line>
            <line>
              <![CDATA[]]>
            </line>
            <line>
              <![CDATA[max limit is set to 50 for Name]]>
            </line>
            <line>
              <![CDATA[ ]]>
            </line>
            <line>
              <![CDATA[max limit is set to 15 for Case_Number]]>
            </line>
            <line>
              <![CDATA[ ]]>
            </line>
            <line>
              <![CDATA[ Click on Next Button ]]>
            </line>
            <line>
              <![CDATA[ ]]>
            </line>
            <line>
              <![CDATA[Entered student language]]>
            </line>
            <line>
              <![CDATA[ ]]>
            </line>
            <line>
              <![CDATA[Click On Next Button]]>
            </line>
            <line>
              <![CDATA[ ]]>
            </line>
            <line>
              <![CDATA[max limit is set to 90 for Internet_Speed]]>
            </line>
            <line>
              <![CDATA[ ]]>
            </line>
            <line>
              <![CDATA[The reason is entered]]>
            </line>
            <line>
              <![CDATA[ ]]>
            </line>
            <line>
              <![CDATA[The Adults Name is entered]]>
            </line>
            <line>
              <![CDATA[ ]]>
            </line>
            <line>
              <![CDATA[The Adults Name is entered]]>
            </line>
            <line>
              <![CDATA[ ]]>
            </line>
            <line>
              <![CDATA[The Changes are entered]]>
            </line>
            <line>
              <![CDATA[ ]]>
            </line>
            <line>
              <![CDATA[The Preffered Name is entered]]>
            </line>
            <line>
              <![CDATA[ ]]>
            </line>
            <line>
              <![CDATA[The Pronunciation is entered]]>
            </line>
            <line>
              <![CDATA[ ]]>
            </line>
            <line>
              <![CDATA[The Pronouns is entered]]>
            </line>
            <line>
              <![CDATA[ ]]>
            </line>
            <line>
              <![CDATA[Signature is drawn successfully ]]>
            </line>
            <line>
              <![CDATA[                                                                                 ]]>
            </line>
            <line>
              <![CDATA[The Student Added successfully ]]>
            </line>
            <line>
              <![CDATA[ ]]>
            </line>
            <line>
              <![CDATA[The User is successfully logout]]>
            </line>
            <line>
              <![CDATA[ ]]>
            </line>
          </reporter-output>
        </test-method> <!-- Add_Student_After_Form_Page_7 -->
        <test-method is-config="true" signature="closeBrowser()[pri:0, instance:Add_Student_Form_7_Test.Add_Student_Form_7_Test@49049a04]" started-at="2022-09-30T19:37:13 IST" name="closeBrowser" finished-at="2022-09-30T19:37:15 IST" duration-ms="2197" status="PASS">
          <reporter-output>
          </reporter-output>
        </test-method> <!-- closeBrowser -->
      </class> <!-- Add_Student_Form_7_Test.Add_Student_Form_7_Test -->
    </test> <!-- Test2 -->
  </suite> <!-- Suite -->
</testng-results>
