<?xml version="1.0" encoding="UTF-8"?>
<testsuite xmlns:xsi="http://www.w3.org/2001/XMLSchema-instance" xsi:noNamespaceSchemaLocation="https://maven.apache.org/surefire/maven-surefire-plugin/xsd/surefire-test-report-3.0.xsd" version="3.0" name="TestSuite" time="364.436" tests="3" errors="0" skipped="0" failures="0">
  <properties>
[...]
</properties>
  <testcase name="Add_Student_After_Form_Page_7" classname="Add_Student_Form_7_Test.Add_Student_Form_7_Test" time="110.235">
    <system-out><![CDATA[
The Mail ID is entered 
	
The Password is entered 
	
Clicked On Login Button 
	
The user is successfully Logged In 
	
The URL for home page is https://enroll.grafik-stage.io/home
 
Click on Student Name 
 
Click on start Enrollment 
 
The first Name is entered
The Student Preffered Name is entered
 
The Last Name is entered
 
The Middle Initial Name is entered
 
The Date of year is selected
 
The Date of month is selected
 
The Date is selected
 
The gender is selected
 
The checkbox is already selected
 
Student Name is entered Oliver
 
The Student added successfully
 
Student Name is entered Joseph
 
The student is removed
																
max limit is set to 50 for Name
 
max limit is set to 15 for Case_Number
 
 Click on Next Button 
 
Entered student language
 
Click On Next Button
 
max limit is set to 90 for Internet_Speed
 
The reason is entered
 
The Adults Name is entered
 
The Adults Name is entered
 
The Changes are entered
 
The Preffered Name is entered
 
The Pronunciation is entered
 
The Pronouns is entered
 
Signature is drawn successfully 
                                                                                 
The Student Added successfully 
 
The User is successfully logout
 
]]></system-out>
    <system-err><![CDATA[[main] INFO io.github.bonigarcia.wdm.WebDriverManager - Using chromedriver 105.0.5195.52 (resolved driver for Chrome 105)
[main] INFO io.github.bonigarcia.wdm.WebDriverManager - Exporting webdriver.chrome.driver as C:\Users\gwl\.cache\selenium\chromedriver\win32\105.0.5195.52\chromedriver.exe
Starting ChromeDriver 105.0.5195.52 (412c95e518836d8a7d97250d62b29c2ae6a26a85-refs/branch-heads/5195@{#853}) on port 61801
Only local connections are allowed.
Please see https://chromedriver.chromium.org/security-considerations for suggestions on keeping ChromeDriver safe.
ChromeDriver was started successfully.
Sep 30, 2022 7:31:14 PM org.openqa.selenium.remote.ProtocolHandshake createSession
INFO: Detected upstream dialect: W3C
Sep 30, 2022 7:31:14 PM org.openqa.selenium.devtools.CdpVersionFinder findNearestMatch
WARNING: Unable to find an exact match for CDP version 105, so returning the closest version found: 103
Sep 30, 2022 7:31:14 PM org.openqa.selenium.devtools.CdpVersionFinder findNearestMatch
INFO: Found CDP implementation for version 105 of 103
ERROR StatusLogger Log4j2 could not find a logging implementation. Please add log4j-core to the classpath. Using SimpleLogger to log to the console...
]]></system-err>
  </testcase>
  <testcase name="Add_Student_After_Form_Page_7" classname="Add_Student_Form_7_Test.Add_Student_Form_7_Test" time="106.722">
    <system-out><![CDATA[
The Mail ID is entered 
	
The Password is entered 
	
Clicked On Login Button 
	
The user is successfully Logged In 
	
The URL for home page is https://enroll.grafik-stage.io/home
 
Click on Student Name 
 
Click on start Enrollment 
 
The first Name is entered
The Student Preffered Name is entered
 
The Last Name is entered
 
The Middle Initial Name is entered
 
The Date of year is selected
 
The Date of month is selected
 
The Date is selected
 
The gender is selected
 
The checkbox is already selected
 
Student Name is entered Oliver
 
The Student added successfully
 
Student Name is entered Joseph
 
The student is removed
																
max limit is set to 50 for Name
 
max limit is set to 15 for Case_Number
 
 Click on Next Button 
 
Entered student language
 
Click On Next Button
 
max limit is set to 90 for Internet_Speed
 
The reason is entered
 
The Adults Name is entered
 
The Adults Name is entered
 
The Changes are entered
 
The Preffered Name is entered
 
The Pronunciation is entered
 
The Pronouns is entered
 
Signature is drawn successfully 
                                                                                 
The Student Added successfully 
 
The User is successfully logout
 
]]></system-out>
    <system-err><![CDATA[[main] INFO io.github.bonigarcia.wdm.WebDriverManager - Using geckodriver 0.31.0 (resolved driver for Firefox 105)
[main] INFO io.github.bonigarcia.wdm.WebDriverManager - Exporting webdriver.gecko.driver as C:\Users\gwl\.cache\selenium\geckodriver\win64\0.31.0\geckodriver.exe
Sep 30, 2022 7:33:12 PM org.openqa.selenium.remote.RemoteWebDriver checkNonW3CCapabilities
WARNING: Support for Legacy Capabilities is deprecated; You are sending the following invalid capabilities: [marionette]; Please update to W3C Syntax: https://www.selenium.dev/blog/2022/legacy-protocol-support/
1664546592243	geckodriver	INFO	Listening on 127.0.0.1:55854
1664546592760	mozrunner::runner	INFO	Running command: "C:\\Program Files\\Mozilla Firefox\\firefox.exe" "--marionette" "--remote-debugging-port" "50531" "--remote-allow-hosts" "localhost" "--remote-allow-origins" "http://localhost:50531/" "-no-remote" "-profile" "C:\\Users\\gwl\\AppData\\Local\\Temp\\rust_mozprofileQ5kDh7"
1664546593136	Marionette	INFO	Marionette enabled
1664546593141	Marionette	INFO	Listening on port 63220
WebDriver BiDi listening on ws://127.0.0.1:50531
Read port: 63220
1664546593608	RemoteAgent	WARN	TLS certificate errors will be ignored for this session
console.warn: SearchSettings: "get: No settings file exists, new profile?" (new NotFoundError("Could not open the file at C:\\Users\\gwl\\AppData\\Local\\Temp\\rust_mozprofileQ5kDh7\\search.json.mozlz4", (void 0)))
DevTools listening on ws://127.0.0.1:50531/devtools/browser/4e5ef3ed-e808-4749-89f0-eb65d2bac03d
Sep 30, 2022 7:33:16 PM org.openqa.selenium.remote.ProtocolHandshake createSession
INFO: Detected upstream dialect: W3C
Sep 30, 2022 7:33:16 PM org.openqa.selenium.remote.ProtocolHandshake createSession
WARNING: Support for Legacy Capabilities is deprecated; You are sending the following invalid capabilities: [marionette]; Please update to W3C Syntax: https://www.selenium.dev/blog/2022/legacy-protocol-support/
JavaScript error: resource://gre/modules/URIFixup.jsm, line 307: NS_ERROR_FAILURE: Should pass a non-null uri
console.warn: LoginRecipes: "Falling back to a synchronous message for: https://enroll.grafik-stage.io."
console.warn: LoginRecipes: "Falling back to a synchronous message for: https://enroll.grafik-stage.io."
]]></system-err>
  </testcase>
  <testcase name="Add_Student_After_Form_Page_7" classname="Add_Student_Form_7_Test.Add_Student_Form_7_Test" time="110.58">
    <system-out><![CDATA[
The Mail ID is entered 
	
The Password is entered 
	
Clicked On Login Button 
	
The user is successfully Logged In 
	
The URL for home page is https://enroll.grafik-stage.io/home
 
Click on Student Name 
 
Click on start Enrollment 
 
The first Name is entered
The Student Preffered Name is entered
 
The Last Name is entered
 
The Middle Initial Name is entered
 
The Date of year is selected
 
The Date of month is selected
 
The Date is selected
 
The gender is selected
 
The checkbox is already selected
 
Student Name is entered Oliver
 
The Student added successfully
 
Student Name is entered Joseph
 
The student is removed
																
max limit is set to 50 for Name
 
max limit is set to 15 for Case_Number
 
 Click on Next Button 
 
Entered student language
 
Click On Next Button
 
max limit is set to 90 for Internet_Speed
 
The reason is entered
 
The Adults Name is entered
 
The Adults Name is entered
 
The Changes are entered
 
The Preffered Name is entered
 
The Pronunciation is entered
 
The Pronouns is entered
 
Signature is drawn successfully 
                                                                                 
The Student Added successfully 
 
The User is successfully logout
 
]]></system-out>
    <system-err><![CDATA[1664546709431	RemoteAgent	INFO	Perform WebSocket upgrade for incoming connection from 127.0.0.1:54696
JavaScript error: chrome://remote/content/server/WebSocketHandshake.jsm, line 174: Error: The handshake request has incorrect Origin header http://127.0.0.1:50531
Sep 30, 2022 7:35:09 PM org.openqa.selenium.remote.http.WebSocket$Listener onError
WARNING: Invalid Status code=400 text=Bad Request
java.io.IOException: Invalid Status code=400 text=Bad Request
	at org.asynchttpclient.netty.handler.WebSocketHandler.abort(WebSocketHandler.java:92)
	at org.asynchttpclient.netty.handler.WebSocketHandler.handleRead(WebSocketHandler.java:118)
	at org.asynchttpclient.netty.handler.AsyncHttpClientHandler.channelRead(AsyncHttpClientHandler.java:78)
	at io.netty.channel.AbstractChannelHandlerContext.invokeChannelRead(AbstractChannelHandlerContext.java:379)
	at io.netty.channel.AbstractChannelHandlerContext.invokeChannelRead(AbstractChannelHandlerContext.java:365)
	at io.netty.channel.AbstractChannelHandlerContext.fireChannelRead(AbstractChannelHandlerContext.java:357)
	at io.netty.channel.CombinedChannelDuplexHandler$DelegatingChannelHandlerContext.fireChannelRead(CombinedChannelDuplexHandler.java:436)
	at io.netty.handler.codec.ByteToMessageDecoder.fireChannelRead(ByteToMessageDecoder.java:327)
	at io.netty.handler.codec.ByteToMessageDecoder.fireChannelRead(ByteToMessageDecoder.java:314)
	at io.netty.handler.codec.ByteToMessageDecoder.callDecode(ByteToMessageDecoder.java:435)
	at io.netty.handler.codec.ByteToMessageDecoder.channelRead(ByteToMessageDecoder.java:279)
	at io.netty.channel.CombinedChannelDuplexHandler.channelRead(CombinedChannelDuplexHandler.java:251)
	at io.netty.channel.AbstractChannelHandlerContext.invokeChannelRead(AbstractChannelHandlerContext.java:379)
	at io.netty.channel.AbstractChannelHandlerContext.invokeChannelRead(AbstractChannelHandlerContext.java:365)
	at io.netty.channel.AbstractChannelHandlerContext.fireChannelRead(AbstractChannelHandlerContext.java:357)
	at io.netty.channel.DefaultChannelPipeline$HeadContext.channelRead(DefaultChannelPipeline.java:1410)
	at io.netty.channel.AbstractChannelHandlerContext.invokeChannelRead(AbstractChannelHandlerContext.java:379)
	at io.netty.channel.AbstractChannelHandlerContext.invokeChannelRead(AbstractChannelHandlerContext.java:365)
	at io.netty.channel.DefaultChannelPipeline.fireChannelRead(DefaultChannelPipeline.java:919)
	at io.netty.channel.nio.AbstractNioByteChannel$NioByteUnsafe.read(AbstractNioByteChannel.java:166)
	at io.netty.channel.nio.NioEventLoop.processSelectedKey(NioEventLoop.java:722)
	at io.netty.channel.nio.NioEventLoop.processSelectedKeysOptimized(NioEventLoop.java:658)
	at io.netty.channel.nio.NioEventLoop.processSelectedKeys(NioEventLoop.java:584)
	at io.netty.channel.nio.NioEventLoop.run(NioEventLoop.java:496)
	at io.netty.util.concurrent.SingleThreadEventExecutor$4.run(SingleThreadEventExecutor.java:997)
	at io.netty.util.internal.ThreadExecutorMap$2.run(ThreadExecutorMap.java:74)
	at io.netty.util.concurrent.FastThreadLocalRunnable.run(FastThreadLocalRunnable.java:30)
	at java.base/java.lang.Thread.run(Thread.java:834)

Sep 30, 2022 7:35:09 PM org.openqa.selenium.remote.RemoteWebDriver close
SEVERE: Failed to disconnect DevTools session
org.openqa.selenium.remote.http.ConnectionFailedException: Unable to establish websocket connection to http://127.0.0.1:50531/devtools/browser/4e5ef3ed-e808-4749-89f0-eb65d2bac03d
Build info: version: '4.3.0', revision: 'a4995e2c09*'
System info: host: 'DESKTOP-18BP1P8', ip: '192.168.1.5', os.name: 'Windows 10', os.arch: 'amd64', os.version: '10.0', java.version: '11.0.8'
Driver info: driver.version: RemoteWebDriver
	at org.openqa.selenium.remote.http.netty.NettyWebSocket.<init>(NettyWebSocket.java:102)
	at org.openqa.selenium.remote.http.netty.NettyWebSocket.lambda$create$3(NettyWebSocket.java:128)
	at org.openqa.selenium.remote.http.netty.NettyClient.openSocket(NettyClient.java:106)
	at org.openqa.selenium.devtools.Connection.<init>(Connection.java:77)
	at org.openqa.selenium.firefox.FirefoxDriver.maybeGetDevTools(FirefoxDriver.java:249)
	at org.openqa.selenium.remote.RemoteWebDriver.close(RemoteWebDriver.java:447)
	at Add_Student_Form_7_Test.Add_Student_Form_7_Test.closeBrowser(Add_Student_Form_7_Test.java:113)
	at java.base/jdk.internal.reflect.NativeMethodAccessorImpl.invoke0(Native Method)
	at java.base/jdk.internal.reflect.NativeMethodAccessorImpl.invoke(NativeMethodAccessorImpl.java:62)
	at java.base/jdk.internal.reflect.DelegatingMethodAccessorImpl.invoke(DelegatingMethodAccessorImpl.java:43)
	at java.base/java.lang.reflect.Method.invoke(Method.java:566)
	at org.testng.internal.MethodInvocationHelper.invokeMethod(MethodInvocationHelper.java:133)
	at org.testng.internal.MethodInvocationHelper.invokeMethodConsideringTimeout(MethodInvocationHelper.java:62)
	at org.testng.internal.ConfigInvoker.invokeConfigurationMethod(ConfigInvoker.java:385)
	at org.testng.internal.ConfigInvoker.invokeConfigurations(ConfigInvoker.java:321)
	at org.testng.internal.TestMethodWorker.invokeAfterClassMethods(TestMethodWorker.java:217)
	at org.testng.internal.TestMethodWorker.run(TestMethodWorker.java:130)
	at java.base/java.util.ArrayList.forEach(ArrayList.java:1541)
	at org.testng.TestRunner.privateRun(TestRunner.java:794)
	at org.testng.TestRunner.run(TestRunner.java:596)
	at org.testng.SuiteRunner.runTest(SuiteRunner.java:377)
	at org.testng.SuiteRunner.runSequentially(SuiteRunner.java:371)
	at org.testng.SuiteRunner.privateRun(SuiteRunner.java:332)
	at org.testng.SuiteRunner.run(SuiteRunner.java:276)
	at org.testng.SuiteRunnerWorker.runSuite(SuiteRunnerWorker.java:53)
	at org.testng.SuiteRunnerWorker.run(SuiteRunnerWorker.java:96)
	at org.testng.TestNG.runSuitesSequentially(TestNG.java:1212)
	at org.testng.TestNG.runSuitesLocally(TestNG.java:1134)
	at org.testng.TestNG.runSuites(TestNG.java:1063)
	at org.testng.TestNG.run(TestNG.java:1031)
	at org.apache.maven.surefire.testng.TestNGExecutor.run(TestNGExecutor.java:324)
	at org.apache.maven.surefire.testng.TestNGXmlTestSuite.execute(TestNGXmlTestSuite.java:74)
	at org.apache.maven.surefire.testng.TestNGProvider.invoke(TestNGProvider.java:123)
	at org.apache.maven.surefire.booter.ForkedBooter.runSuitesInProcess(ForkedBooter.java:456)
	at org.apache.maven.surefire.booter.ForkedBooter.execute(ForkedBooter.java:169)
	at org.apache.maven.surefire.booter.ForkedBooter.run(ForkedBooter.java:595)
	at org.apache.maven.surefire.booter.ForkedBooter.main(ForkedBooter.java:581)

1664546709445	Marionette	INFO	Stopped listening on port 63220
[main] INFO io.github.bonigarcia.wdm.WebDriverManager - Using msedgedriver 105.0.1343.53 (resolved driver for Edge 105)
[main] INFO io.github.bonigarcia.wdm.WebDriverManager - Reading https://msedgedriver.azureedge.net/?restype=container&comp=list to seek msedgedriver
[main] INFO io.github.bonigarcia.wdm.cache.ResolutionCache - Clearing WebDriverManager resolution cache
[main] WARN io.github.bonigarcia.wdm.WebDriverManager - There was an error managing msedgedriver 105.0.1343.53 (javax.net.ssl.SSLException: Tag mismatch!) ... trying again avoiding reading release from repository
[main] INFO io.github.bonigarcia.wdm.WebDriverManager - Using msedgedriver 105.0.1343.53 (resolved driver for Edge 105)
[main] INFO io.github.bonigarcia.wdm.WebDriverManager - Reading https://msedgedriver.azureedge.net/?restype=container&comp=list to seek msedgedriver
[main] INFO io.github.bonigarcia.wdm.online.Downloader - Downloading https://msedgedriver.azureedge.net/105.0.1343.53/edgedriver_win64.zip
[main] INFO io.github.bonigarcia.wdm.online.Downloader - Extracting driver from compressed file edgedriver_win64.zip
[main] INFO io.github.bonigarcia.wdm.WebDriverManager - Exporting webdriver.edge.driver as C:\Users\gwl\.cache\selenium\msedgedriver\win64\105.0.1343.53\msedgedriver.exe
Starting Microsoft Edge WebDriver 105.0.1343.53 (3a47f00402d579c8ba1fad7e143f9d73831b6765) on port 52353
To submit feedback, report a bug, or suggest new features, please visit https://github.com/MicrosoftEdge/EdgeWebDriver

Only local connections are allowed.
Please see https://aka.ms/WebDriverSecurity for suggestions on keeping Microsoft Edge WebDriver safe.

Microsoft Edge WebDriver was started successfully.
Sep 30, 2022 7:35:15 PM org.openqa.selenium.remote.ProtocolHandshake createSession
INFO: Detected upstream dialect: W3C
Sep 30, 2022 7:35:15 PM org.openqa.selenium.devtools.CdpVersionFinder findNearestMatch
WARNING: Unable to find an exact match for CDP version 105, so returning the closest version found: 103
Sep 30, 2022 7:35:15 PM org.openqa.selenium.devtools.CdpVersionFinder findNearestMatch
INFO: Found CDP implementation for version 105 of 103
]]></system-err>
  </testcase>
</testsuite>